c:\users\jaspe\documents\_github\ar-applicatie\ti2.4-cgr-template\x64\debug\vc142.pdb
c:\users\jaspe\documents\_github\ar-applicatie\ti2.4-cgr-template\x64\debug\vc142.idb
c:\users\jaspe\documents\_github\ar-applicatie\ti2.4-cgr-template\x64\debug\tigl.obj
c:\users\jaspe\documents\_github\ar-applicatie\ti2.4-cgr-template\x64\debug\main.obj
c:\users\jaspe\documents\_github\ar-applicatie\ti2.4-cgr-template\x64\debug\blobdetectionavans.obj
c:\users\jaspe\documents\_github\ar-applicatie\ti2.4-cgr-template\x64\debug\gameobject.obj
c:\users\jaspe\documents\_github\ar-applicatie\ti2.4-cgr-template\x64\debug\drawcomponent.obj
c:\users\jaspe\documents\_github\ar-applicatie\ti2.4-cgr-template\x64\debug\texture.obj
c:\users\jaspe\documents\_github\ar-applicatie\ti2.4-cgr-template\x64\debug\graphicmodel.obj
c:\users\jaspe\documents\_github\ar-applicatie\ti2.4-cgr-template\x64\debug\cgr template.exe
c:\users\jaspe\documents\_github\ar-applicatie\ti2.4-cgr-template\x64\debug\cgr template.ilk
c:\users\jaspe\documents\_github\ar-applicatie\ti2.4-cgr-template\x64\debug\cgr template.pdb
c:\users\jaspe\documents\_github\ar-applicatie\ti2.4-cgr-template\x64\debug\component.obj
c:\users\jaspe\documents\_github\ar-applicatie\ti2.4-cgr-template\x64\debug\cubecomponent.obj
c:\users\jaspe\documents\_github\ar-applicatie\ti2.4-cgr-template\x64\debug\cgr template.tlog\cl.command.1.tlog
c:\users\jaspe\documents\_github\ar-applicatie\ti2.4-cgr-template\x64\debug\cgr template.tlog\cl.read.1.tlog
c:\users\jaspe\documents\_github\ar-applicatie\ti2.4-cgr-template\x64\debug\cgr template.tlog\cl.write.1.tlog
c:\users\jaspe\documents\_github\ar-applicatie\ti2.4-cgr-template\x64\debug\cgr template.tlog\link.command.1.tlog
c:\users\jaspe\documents\_github\ar-applicatie\ti2.4-cgr-template\x64\debug\cgr template.tlog\link.read.1.tlog
c:\users\jaspe\documents\_github\ar-applicatie\ti2.4-cgr-template\x64\debug\cgr template.tlog\link.write.1.tlog
